INFO [2024-11-08 20:41:49] $x
INFO [2024-11-08 20:41:49] venn_data
INFO [2024-11-08 20:41:49] 
INFO [2024-11-08 20:41:49] $category.names
INFO [2024-11-08 20:41:49] c("Banked", "Formal", "Informal")
INFO [2024-11-08 20:41:49] 
INFO [2024-11-08 20:41:49] $filename
INFO [2024-11-08 20:41:49] NULL
INFO [2024-11-08 20:41:49] 
INFO [2024-11-08 20:41:49] $output
INFO [2024-11-08 20:41:49] [1] TRUE
INFO [2024-11-08 20:41:49] 
INFO [2024-11-08 20:41:49] $fill
INFO [2024-11-08 20:41:49] c("blue", "red", "green")
INFO [2024-11-08 20:41:49] 
INFO [2024-11-08 20:41:49] $alpha
INFO [2024-11-08 20:41:49] [1] 0.5
INFO [2024-11-08 20:41:49] 
INFO [2024-11-08 20:41:49] $cex
INFO [2024-11-08 20:41:49] [1] 1.5
INFO [2024-11-08 20:41:49] 
INFO [2024-11-08 20:41:49] $cat.cex
INFO [2024-11-08 20:41:49] [1] 1.5
INFO [2024-11-08 20:41:49] 
INFO [2024-11-08 20:41:49] $cat.pos
INFO [2024-11-08 20:41:49] [1] 0
INFO [2024-11-08 20:41:49] 
INFO [2024-11-08 20:41:49] $cat.dist
INFO [2024-11-08 20:41:49] [1] 0.05
INFO [2024-11-08 20:41:49] 
INFO [2024-11-08 20:41:49] $cat.fontface
INFO [2024-11-08 20:41:49] [1] "bold"
INFO [2024-11-08 20:41:49] 
INFO [2024-11-08 20:41:49] $cat.default.pos
INFO [2024-11-08 20:41:49] [1] "text"
INFO [2024-11-08 20:41:49] 
INFO [2024-11-08 20:41:49] $margin
INFO [2024-11-08 20:41:49] [1] 0.1
INFO [2024-11-08 20:41:49] 
