INFO [2024-11-08 20:41:02] $x
INFO [2024-11-08 20:41:02] venn_data
INFO [2024-11-08 20:41:02] 
INFO [2024-11-08 20:41:02] $category.names
INFO [2024-11-08 20:41:02] c("Banked", "Formal", "Informal")
INFO [2024-11-08 20:41:02] 
INFO [2024-11-08 20:41:02] $filename
INFO [2024-11-08 20:41:02] NULL
INFO [2024-11-08 20:41:02] 
INFO [2024-11-08 20:41:02] $output
INFO [2024-11-08 20:41:02] [1] TRUE
INFO [2024-11-08 20:41:02] 
INFO [2024-11-08 20:41:02] $fill
INFO [2024-11-08 20:41:02] c("blue", "red", "green")
INFO [2024-11-08 20:41:02] 
INFO [2024-11-08 20:41:02] $alpha
INFO [2024-11-08 20:41:02] [1] 0.5
INFO [2024-11-08 20:41:02] 
INFO [2024-11-08 20:41:02] $cex
INFO [2024-11-08 20:41:02] [1] 1.5
INFO [2024-11-08 20:41:02] 
INFO [2024-11-08 20:41:02] $cat.cex
INFO [2024-11-08 20:41:02] [1] 1.5
INFO [2024-11-08 20:41:02] 
INFO [2024-11-08 20:41:02] $cat.pos
INFO [2024-11-08 20:41:02] [1] 0
INFO [2024-11-08 20:41:02] 
INFO [2024-11-08 20:41:02] $cat.dist
INFO [2024-11-08 20:41:02] [1] 0.05
INFO [2024-11-08 20:41:02] 
INFO [2024-11-08 20:41:02] $cat.fontface
INFO [2024-11-08 20:41:02] [1] "bold"
INFO [2024-11-08 20:41:02] 
INFO [2024-11-08 20:41:02] $cat.default.pos
INFO [2024-11-08 20:41:02] [1] "text"
INFO [2024-11-08 20:41:02] 
INFO [2024-11-08 20:41:02] $margin
INFO [2024-11-08 20:41:02] [1] 0.1
INFO [2024-11-08 20:41:02] 
