INFO [2024-11-08 20:39:33] $x
INFO [2024-11-08 20:39:33] venn_data
INFO [2024-11-08 20:39:33] 
INFO [2024-11-08 20:39:33] $category.names
INFO [2024-11-08 20:39:33] c("Banked", "Formal", "Informal")
INFO [2024-11-08 20:39:33] 
INFO [2024-11-08 20:39:33] $filename
INFO [2024-11-08 20:39:33] NULL
INFO [2024-11-08 20:39:33] 
INFO [2024-11-08 20:39:33] $output
INFO [2024-11-08 20:39:33] [1] TRUE
INFO [2024-11-08 20:39:33] 
INFO [2024-11-08 20:39:33] $fill
INFO [2024-11-08 20:39:33] c("blue", "red", "green")
INFO [2024-11-08 20:39:33] 
INFO [2024-11-08 20:39:33] $alpha
INFO [2024-11-08 20:39:33] [1] 0.5
INFO [2024-11-08 20:39:33] 
INFO [2024-11-08 20:39:33] $cex
INFO [2024-11-08 20:39:33] [1] 1.5
INFO [2024-11-08 20:39:33] 
INFO [2024-11-08 20:39:33] $cat.cex
INFO [2024-11-08 20:39:33] [1] 1.5
INFO [2024-11-08 20:39:33] 
INFO [2024-11-08 20:39:33] $cat.pos
INFO [2024-11-08 20:39:33] [1] 0
INFO [2024-11-08 20:39:33] 
INFO [2024-11-08 20:39:33] $cat.dist
INFO [2024-11-08 20:39:33] [1] 0.05
INFO [2024-11-08 20:39:33] 
INFO [2024-11-08 20:39:33] $cat.fontface
INFO [2024-11-08 20:39:33] [1] "bold"
INFO [2024-11-08 20:39:33] 
INFO [2024-11-08 20:39:33] $cat.default.pos
INFO [2024-11-08 20:39:33] [1] "text"
INFO [2024-11-08 20:39:33] 
INFO [2024-11-08 20:39:33] $margin
INFO [2024-11-08 20:39:33] [1] 0.1
INFO [2024-11-08 20:39:33] 
