INFO [2024-11-08 20:39:00] $x
INFO [2024-11-08 20:39:00] venn_data
INFO [2024-11-08 20:39:00] 
INFO [2024-11-08 20:39:00] $category.names
INFO [2024-11-08 20:39:00] c("Banked", "Formal", "Informal")
INFO [2024-11-08 20:39:00] 
INFO [2024-11-08 20:39:00] $filename
INFO [2024-11-08 20:39:00] NULL
INFO [2024-11-08 20:39:00] 
INFO [2024-11-08 20:39:00] $output
INFO [2024-11-08 20:39:00] [1] TRUE
INFO [2024-11-08 20:39:00] 
INFO [2024-11-08 20:39:00] $fill
INFO [2024-11-08 20:39:00] c("blue", "red", "green")
INFO [2024-11-08 20:39:00] 
INFO [2024-11-08 20:39:00] $alpha
INFO [2024-11-08 20:39:00] [1] 0.5
INFO [2024-11-08 20:39:00] 
INFO [2024-11-08 20:39:00] $cex
INFO [2024-11-08 20:39:00] [1] 1.5
INFO [2024-11-08 20:39:00] 
INFO [2024-11-08 20:39:00] $cat.cex
INFO [2024-11-08 20:39:00] [1] 1.5
INFO [2024-11-08 20:39:00] 
INFO [2024-11-08 20:39:00] $cat.pos
INFO [2024-11-08 20:39:00] [1] 0
INFO [2024-11-08 20:39:00] 
INFO [2024-11-08 20:39:00] $cat.dist
INFO [2024-11-08 20:39:00] [1] 0.05
INFO [2024-11-08 20:39:00] 
INFO [2024-11-08 20:39:00] $cat.fontface
INFO [2024-11-08 20:39:00] [1] "bold"
INFO [2024-11-08 20:39:00] 
INFO [2024-11-08 20:39:00] $cat.default.pos
INFO [2024-11-08 20:39:00] [1] "text"
INFO [2024-11-08 20:39:00] 
INFO [2024-11-08 20:39:00] $margin
INFO [2024-11-08 20:39:00] [1] 0.1
INFO [2024-11-08 20:39:00] 
